<?xml version="1.0" encoding="UTF-8"?>
<testng-results ignored="0" total="5" passed="5" failed="0" skipped="0">
  <reporter-output>
  </reporter-output>
  <suite started-at="2024-11-25T07:50:50 EET" name="Default suite" finished-at="2024-11-25T07:51:07 EET" duration-ms="16650">
    <groups>
      <group name="cucumber">
        <method signature="AbstractTestNGCucumberTests.runScenario(io.cucumber.testng.PickleWrapper,io.cucumber.testng.FeatureWrapper)[pri:0, instance:runners.TestRunner@7a35b0f5]" name="runScenario" class="io.cucumber.testng.AbstractTestNGCucumberTests"/>
      </group> <!-- cucumber -->
    </groups>
    <test started-at="2024-11-25T07:50:50 EET" name="Default test" finished-at="2024-11-25T07:51:07 EET" duration-ms="16650">
      <class name="runners.TestRunner">
        <test-method is-config="true" signature="setUpClass(org.testng.ITestContext)[pri:0, instance:runners.TestRunner@7a35b0f5]" started-at="2024-11-25T07:50:50 EET" name="setUpClass" finished-at="2024-11-25T07:50:51 EET" duration-ms="1255" status="PASS">
          <params>
            <param index="0">
              <value>
                <![CDATA[org.testng.TestRunner@6e4c0d8c]]>
              </value>
            </param>
          </params>
          <reporter-output>
          </reporter-output>
        </test-method> <!-- setUpClass -->
        <test-method signature="runScenario(io.cucumber.testng.PickleWrapper,io.cucumber.testng.FeatureWrapper)[pri:0, instance:runners.TestRunner@7a35b0f5]" started-at="2024-11-25T07:50:51 EET" name="runScenario" description="Runs Cucumber Scenarios" data-provider="scenarios" finished-at="2024-11-25T07:50:59 EET" duration-ms="7836" status="PASS">
          <params>
            <param index="0">
              <value>
                <![CDATA["Does display products' currency symbol as '$' in the 'Pricing' page"]]>
              </value>
            </param>
            <param index="1">
              <value>
                <![CDATA["Validate the Framer Website"]]>
              </value>
            </param>
          </params>
          <reporter-output>
          </reporter-output>
        </test-method> <!-- runScenario -->
        <test-method signature="runScenario(io.cucumber.testng.PickleWrapper,io.cucumber.testng.FeatureWrapper)[pri:0, instance:runners.TestRunner@7a35b0f5]" started-at="2024-11-25T07:50:59 EET" name="runScenario" description="Runs Cucumber Scenarios" data-provider="scenarios" finished-at="2024-11-25T07:51:00 EET" duration-ms="424" status="PASS">
          <params>
            <param index="0">
              <value>
                <![CDATA["Does contain 4 questions in the FAQ section from 'Pricing' page"]]>
              </value>
            </param>
            <param index="1">
              <value>
                <![CDATA["Validate the Framer Website"]]>
              </value>
            </param>
          </params>
          <reporter-output>
          </reporter-output>
        </test-method> <!-- runScenario -->
        <test-method signature="runScenario(io.cucumber.testng.PickleWrapper,io.cucumber.testng.FeatureWrapper)[pri:0, instance:runners.TestRunner@7a35b0f5]" started-at="2024-11-25T07:51:00 EET" name="runScenario" description="Runs Cucumber Scenarios" data-provider="scenarios" finished-at="2024-11-25T07:51:00 EET" duration-ms="469" status="PASS">
          <params>
            <param index="0">
              <value>
                <![CDATA["Does display 'visit' button on each card in the 'Many types of components to customize' section"]]>
              </value>
            </param>
            <param index="1">
              <value>
                <![CDATA["Validate the Framer Website"]]>
              </value>
            </param>
          </params>
          <reporter-output>
          </reporter-output>
        </test-method> <!-- runScenario -->
        <test-method signature="runScenario(io.cucumber.testng.PickleWrapper,io.cucumber.testng.FeatureWrapper)[pri:0, instance:runners.TestRunner@7a35b0f5]" started-at="2024-11-25T07:51:00 EET" name="runScenario" description="Runs Cucumber Scenarios" data-provider="scenarios" finished-at="2024-11-25T07:51:01 EET" duration-ms="748" status="PASS">
          <params>
            <param index="0">
              <value>
                <![CDATA["Does display the 'Updates' page after clicking the 'Update' button"]]>
              </value>
            </param>
            <param index="1">
              <value>
                <![CDATA["Validate the Framer Website"]]>
              </value>
            </param>
          </params>
          <reporter-output>
          </reporter-output>
        </test-method> <!-- runScenario -->
        <test-method signature="runScenario(io.cucumber.testng.PickleWrapper,io.cucumber.testng.FeatureWrapper)[pri:0, instance:runners.TestRunner@7a35b0f5]" started-at="2024-11-25T07:51:01 EET" name="runScenario" description="Runs Cucumber Scenarios" data-provider="scenarios" finished-at="2024-11-25T07:51:07 EET" duration-ms="5765" status="PASS">
          <params>
            <param index="0">
              <value>
                <![CDATA["Does display 'get the app' and 'watch video' one above the other on mobile"]]>
              </value>
            </param>
            <param index="1">
              <value>
                <![CDATA["Validate the Framer Website"]]>
              </value>
            </param>
          </params>
          <reporter-output>
          </reporter-output>
        </test-method> <!-- runScenario -->
        <test-method is-config="true" signature="tearDownClass()[pri:0, instance:runners.TestRunner@7a35b0f5]" started-at="2024-11-25T07:51:07 EET" name="tearDownClass" finished-at="2024-11-25T07:51:07 EET" duration-ms="56" status="PASS">
          <reporter-output>
          </reporter-output>
        </test-method> <!-- tearDownClass -->
      </class> <!-- runners.TestRunner -->
    </test> <!-- Default test -->
  </suite> <!-- Default suite -->
</testng-results>
